2023-05-16 14:05:136 INFO  HomePage :75 - Mouse hover on “Desktops” Tab and click [[ChromeDriver: chrome on WINDOWS (f416b2eb2943e527d6e293edbd24c32e)] -> link text: Desktops]
2023-05-16 14:05:565 INFO  HomePage :94 - Click on Show All Desktop tab [[ChromeDriver: chrome on WINDOWS (f416b2eb2943e527d6e293edbd24c32e)] -> xpath: //a[normalize-space()='Show AllDesktops']]
2023-05-16 14:05:628 INFO  DesktopPage :46 - Click on sort by position [[ChromeDriver: chrome on WINDOWS (f416b2eb2943e527d6e293edbd24c32e)] -> id: input-sort]
2023-05-16 14:05:105 INFO  DesktopPage :75 - Select option product sorted by Name (Z - A)from sort by options [[ChromeDriver: chrome on WINDOWS (f416b2eb2943e527d6e293edbd24c32e)] -> id: input-sort]
2023-05-16 14:05:643 INFO  HomePage :75 - Mouse hover on “Desktops” Tab and click [[ChromeDriver: chrome on WINDOWS (52760cec04a67fe8b3cf029e42c78964)] -> link text: Desktops]
2023-05-16 14:05:52 INFO  HomePage :94 - Click on Show All Desktop tab [[ChromeDriver: chrome on WINDOWS (52760cec04a67fe8b3cf029e42c78964)] -> xpath: //a[normalize-space()='Show AllDesktops']]
2023-05-16 14:05:81 INFO  HomePage :106 - Clicking on Currency on top of page [[ChromeDriver: chrome on WINDOWS (52760cec04a67fe8b3cf029e42c78964)] -> xpath: //span[normalize-space()='Currency']]
2023-05-16 14:05:767 INFO  HomePage :114 - Select £Pound Sterling from currency drop down list [[[ChromeDriver: chrome on WINDOWS (52760cec04a67fe8b3cf029e42c78964)] -> xpath: //ul[@class = 'dropdown-menu']/li], [[ChromeDriver: chrome on WINDOWS (52760cec04a67fe8b3cf029e42c78964)] -> xpath: //ul[@class = 'dropdown-menu']/li], [[ChromeDriver: chrome on WINDOWS (52760cec04a67fe8b3cf029e42c78964)] -> xpath: //ul[@class = 'dropdown-menu']/li]]
2023-05-16 14:05:203 INFO  DesktopPage :75 - Select option product sorted by Name (A - Z)from sort by options [[ChromeDriver: chrome on WINDOWS (52760cec04a67fe8b3cf029e42c78964)] -> id: input-sort]
2023-05-16 14:05:250 INFO  DesktopPage :80 - Clicking on HP LP3065 [[ChromeDriver: chrome on WINDOWS (52760cec04a67fe8b3cf029e42c78964)] -> xpath: //a[contains(text(),'HP LP3065')]]
2023-05-16 14:05:268 INFO  ProductPage :53 - Verify the Text "HP LP3065" [[ChromeDriver: chrome on WINDOWS (52760cec04a67fe8b3cf029e42c78964)] -> xpath: //a[contains(text(),'HP LP3065')]]
2023-05-16 14:05:332 INFO  ProductPage :59 - Select 2022November30 to date field [[ChromeDriver: chrome on WINDOWS (52760cec04a67fe8b3cf029e42c78964)] -> xpath: //div[@class = 'input-group date']//button]
2023-05-16 14:05:512 INFO  ProductPage :83 - Enter Qty 1 to quantity field [[ChromeDriver: chrome on WINDOWS (52760cec04a67fe8b3cf029e42c78964)] -> xpath: //input[@id='input-quantity']]
2023-05-16 14:05:198 INFO  ProductPage :88 - Clicking on Login Button [[ChromeDriver: chrome on WINDOWS (52760cec04a67fe8b3cf029e42c78964)] -> xpath: //button[@id='button-cart']]
2023-05-16 14:05:738 INFO  ProductPage :92 - Verify the Message “Success: You have added HP LP3065 to your shopping cart!” [[ChromeDriver: chrome on WINDOWS (52760cec04a67fe8b3cf029e42c78964)] -> xpath: //div[@class='alert alert-success alert-dismissible']]
2023-05-16 14:05:767 INFO  ProductPage :98 - Click on link “shopping cart” display into success message [[ChromeDriver: chrome on WINDOWS (52760cec04a67fe8b3cf029e42c78964)] -> xpath: //a[contains(text(),'shopping cart')]]
2023-05-16 14:05:784 INFO  ShoppingCartPage :48 -  Verify the text Shopping Cart [[ChromeDriver: chrome on WINDOWS (52760cec04a67fe8b3cf029e42c78964)] -> xpath: //div[@id='content']//h1]
2023-05-16 14:05:810 INFO  ShoppingCartPage :53 - Verify the Product name HP LP3065 [[ChromeDriver: chrome on WINDOWS (52760cec04a67fe8b3cf029e42c78964)] -> xpath: //div[@class = 'table-responsive']/table/tbody/tr/td[2]/a]
2023-05-16 14:05:843 INFO  ShoppingCartPage :58 - Verify the Delivery Date 2022-11-30 [[ChromeDriver: chrome on WINDOWS (52760cec04a67fe8b3cf029e42c78964)] -> xpath: //div[@class = 'table-responsive']/table/tbody/tr/td[2]/small[1]]
2023-05-16 14:05:864 INFO  ShoppingCartPage :63 - Verify the Model Product21 [[ChromeDriver: chrome on WINDOWS (52760cec04a67fe8b3cf029e42c78964)] -> xpath: //div[@class = 'table-responsive']/table/tbody/tr/td[3]]
2023-05-16 14:05:874 INFO  ShoppingCartPage :68 - Verify the Total £74.73 [[ChromeDriver: chrome on WINDOWS (52760cec04a67fe8b3cf029e42c78964)] -> xpath: //div[@class = 'table-responsive']/table/tbody/tr/td[6]]
2023-05-16 14:05:471 INFO  HomePage :81 - Mouse hover on “Laptops & Notebooks” Tab and click [[ChromeDriver: chrome on WINDOWS (e6d97f769c2ed778ae44cfd98a096662)] -> link text: Laptops & Notebooks]
2023-05-16 14:05:915 INFO  HomePage :100 - Click on Show All LaptopAndNotebook Tab [[ChromeDriver: chrome on WINDOWS (e6d97f769c2ed778ae44cfd98a096662)] -> xpath: //a[normalize-space()='Show AllLaptops & Notebooks']]
2023-05-16 14:05:967 INFO  DesktopPage :46 - Click on sort by position [[ChromeDriver: chrome on WINDOWS (e6d97f769c2ed778ae44cfd98a096662)] -> id: input-sort]
2023-05-16 14:05:413 INFO  DesktopPage :75 - Select option product sorted by Price (High > Low)from sort by options [[ChromeDriver: chrome on WINDOWS (e6d97f769c2ed778ae44cfd98a096662)] -> id: input-sort]
2023-05-16 14:05:472 INFO  LaptopAndNotebookPage :64 - Verify Product sorted  price High to low [[[ChromeDriver: chrome on WINDOWS (e6d97f769c2ed778ae44cfd98a096662)] -> xpath: //p[@class ='price']], [[ChromeDriver: chrome on WINDOWS (e6d97f769c2ed778ae44cfd98a096662)] -> xpath: //p[@class ='price']], [[ChromeDriver: chrome on WINDOWS (e6d97f769c2ed778ae44cfd98a096662)] -> xpath: //p[@class ='price']], [[ChromeDriver: chrome on WINDOWS (e6d97f769c2ed778ae44cfd98a096662)] -> xpath: //p[@class ='price']], [[ChromeDriver: chrome on WINDOWS (e6d97f769c2ed778ae44cfd98a096662)] -> xpath: //p[@class ='price']]]
2023-05-16 14:05:518 INFO  LaptopAndNotebookPage :64 - Verify Product sorted  price High to low [[[ChromeDriver: chrome on WINDOWS (e6d97f769c2ed778ae44cfd98a096662)] -> xpath: //p[@class ='price']], [[ChromeDriver: chrome on WINDOWS (e6d97f769c2ed778ae44cfd98a096662)] -> xpath: //p[@class ='price']], [[ChromeDriver: chrome on WINDOWS (e6d97f769c2ed778ae44cfd98a096662)] -> xpath: //p[@class ='price']], [[ChromeDriver: chrome on WINDOWS (e6d97f769c2ed778ae44cfd98a096662)] -> xpath: //p[@class ='price']], [[ChromeDriver: chrome on WINDOWS (e6d97f769c2ed778ae44cfd98a096662)] -> xpath: //p[@class ='price']]]
2023-05-16 14:05:831 INFO  HomePage :81 - Mouse hover on “Laptops & Notebooks” Tab and click [[ChromeDriver: chrome on WINDOWS (26fa0ca4b0276c88b62fd31fb76288fe)] -> link text: Laptops & Notebooks]
2023-05-16 14:05:297 INFO  HomePage :100 - Click on Show All LaptopAndNotebook Tab [[ChromeDriver: chrome on WINDOWS (26fa0ca4b0276c88b62fd31fb76288fe)] -> xpath: //a[normalize-space()='Show AllLaptops & Notebooks']]
2023-05-16 14:05:337 INFO  HomePage :106 - Clicking on Currency on top of page [[ChromeDriver: chrome on WINDOWS (26fa0ca4b0276c88b62fd31fb76288fe)] -> xpath: //span[normalize-space()='Currency']]
2023-05-16 14:05:97 INFO  HomePage :114 - Select £Pound Sterling from currency drop down list [[[ChromeDriver: chrome on WINDOWS (26fa0ca4b0276c88b62fd31fb76288fe)] -> xpath: //ul[@class = 'dropdown-menu']/li], [[ChromeDriver: chrome on WINDOWS (26fa0ca4b0276c88b62fd31fb76288fe)] -> xpath: //ul[@class = 'dropdown-menu']/li], [[ChromeDriver: chrome on WINDOWS (26fa0ca4b0276c88b62fd31fb76288fe)] -> xpath: //ul[@class = 'dropdown-menu']/li]]
2023-05-16 14:05:08 INFO  DesktopPage :75 - Select option product sorted by Price (High > Low)from sort by options [[ChromeDriver: chrome on WINDOWS (26fa0ca4b0276c88b62fd31fb76288fe)] -> id: input-sort]
2023-05-16 14:05:323 INFO  LaptopAndNotebookPage :81 - Select Macbook[[ChromeDriver: chrome on WINDOWS (26fa0ca4b0276c88b62fd31fb76288fe)] -> link text: MacBook]
2023-05-16 14:05:341 INFO  ProductPage :102 - Verify text MacBook [[ChromeDriver: chrome on WINDOWS (26fa0ca4b0276c88b62fd31fb76288fe)] -> xpath: //h1[contains(text(),'MacBook')]]
2023-05-16 14:05:08 INFO  ProductPage :88 - Clicking on Login Button [[ChromeDriver: chrome on WINDOWS (26fa0ca4b0276c88b62fd31fb76288fe)] -> xpath: //button[@id='button-cart']]
2023-05-16 14:05:545 INFO  ProductPage :92 - Verify the Message “Success: You have added HP LP3065 to your shopping cart!” [[ChromeDriver: chrome on WINDOWS (26fa0ca4b0276c88b62fd31fb76288fe)] -> xpath: //div[@class='alert alert-success alert-dismissible']]
2023-05-16 14:05:27 INFO  ProductPage :98 - Click on link “shopping cart” display into success message [[ChromeDriver: chrome on WINDOWS (26fa0ca4b0276c88b62fd31fb76288fe)] -> xpath: //a[contains(text(),'shopping cart')]]
2023-05-16 14:05:43 INFO  ShoppingCartPage :48 -  Verify the text Shopping Cart [[ChromeDriver: chrome on WINDOWS (26fa0ca4b0276c88b62fd31fb76288fe)] -> xpath: //div[@id='content']//h1]
2023-05-16 14:05:72 INFO  ShoppingCartPage :53 - Verify the Product name HP LP3065 [[ChromeDriver: chrome on WINDOWS (26fa0ca4b0276c88b62fd31fb76288fe)] -> xpath: //div[@class = 'table-responsive']/table/tbody/tr/td[2]/a]
2023-05-16 14:05:173 INFO  ShoppingCartPage :75 - Change Quantity 2 to quantity field [[ChromeDriver: chrome on WINDOWS (26fa0ca4b0276c88b62fd31fb76288fe)] -> xpath: //div[@class='input-group btn-block']/input[@type='text']]
2023-05-16 14:05:280 INFO  ShoppingCartPage :80 -  Click on “Update” Tab [[ChromeDriver: chrome on WINDOWS (26fa0ca4b0276c88b62fd31fb76288fe)] -> xpath: //i[@class = 'fa fa-refresh']]
2023-05-16 14:05:294 INFO  ShoppingCartPage :84 - Getting welcome back text [[ChromeDriver: chrome on WINDOWS (26fa0ca4b0276c88b62fd31fb76288fe)] -> xpath: //div[@id='checkout-cart']/div[1]]
2023-05-16 14:05:321 INFO  ShoppingCartPage :68 - Verify the Total £74.73 [[ChromeDriver: chrome on WINDOWS (26fa0ca4b0276c88b62fd31fb76288fe)] -> xpath: //div[@class = 'table-responsive']/table/tbody/tr/td[6]]
2023-05-16 14:05:762 INFO  ShoppingCartPage :90 - Click on “Checkout” button [[ChromeDriver: chrome on WINDOWS (26fa0ca4b0276c88b62fd31fb76288fe)] -> css selector: a.btn.btn-primary]
2023-05-16 14:05:774 INFO  CheckoutPage :77 - Verify the text “Checkout” [[ChromeDriver: chrome on WINDOWS (26fa0ca4b0276c88b62fd31fb76288fe)] -> xpath: //div[@id='content']/h1]
2023-05-16 14:05:318 INFO  CheckoutPage :83 - Verify the Text “New Customer” [[ChromeDriver: chrome on WINDOWS (26fa0ca4b0276c88b62fd31fb76288fe)] -> xpath: //h2[contains(text(),'New Customer')]]
2023-05-16 14:05:909 INFO  CheckoutPage :90 - Click on “Guest Checkout” radio button [[ChromeDriver: chrome on WINDOWS (26fa0ca4b0276c88b62fd31fb76288fe)] -> xpath: //input[@value='guest']]
2023-05-16 14:05:948 INFO  CheckoutPage :96 - Click on “Continue” tab [[ChromeDriver: chrome on WINDOWS (26fa0ca4b0276c88b62fd31fb76288fe)] -> xpath: //input[@id='button-account']]
2023-05-16 14:05:365 INFO  CheckoutPage :102 - Enter firstname Maulin to firstname field [[ChromeDriver: chrome on WINDOWS (26fa0ca4b0276c88b62fd31fb76288fe)] -> id: input-payment-firstname]
2023-05-16 14:05:418 INFO  CheckoutPage :108 - Enter lastname Patel to lastname field [[ChromeDriver: chrome on WINDOWS (26fa0ca4b0276c88b62fd31fb76288fe)] -> id: input-payment-lastname]
2023-05-16 14:05:505 INFO  CheckoutPage :114 - Enter email maulin to email field [[ChromeDriver: chrome on WINDOWS (26fa0ca4b0276c88b62fd31fb76288fe)] -> id: input-payment-email]
2023-05-16 14:05:605 INFO  CheckoutPage :120 - Enter phoneNumber 01234567890 to phoneNumber field [[ChromeDriver: chrome on WINDOWS (26fa0ca4b0276c88b62fd31fb76288fe)] -> id: input-payment-telephone]
2023-05-16 14:05:679 INFO  CheckoutPage :126 - Enter address Line 1 129 Pinner Road to address field [[ChromeDriver: chrome on WINDOWS (26fa0ca4b0276c88b62fd31fb76288fe)] -> id: input-payment-address-1]
2023-05-16 14:05:729 INFO  CheckoutPage :132 - Enter city London to city field [[ChromeDriver: chrome on WINDOWS (26fa0ca4b0276c88b62fd31fb76288fe)] -> id: input-payment-city]
2023-05-16 14:05:779 INFO  CheckoutPage :138 - Enter postcode N1 1AD to postcode field [[ChromeDriver: chrome on WINDOWS (26fa0ca4b0276c88b62fd31fb76288fe)] -> id: input-payment-postcode]
2023-05-16 14:05:845 INFO  CheckoutPage :144 - Select country United Kingdom to country field [[ChromeDriver: chrome on WINDOWS (26fa0ca4b0276c88b62fd31fb76288fe)] -> id: input-payment-country]
2023-05-16 14:05:918 INFO  CheckoutPage :151 - Select state Kent to state field [[ChromeDriver: chrome on WINDOWS (26fa0ca4b0276c88b62fd31fb76288fe)] -> id: input-payment-zone]
2023-05-16 14:05:965 INFO  CheckoutPage :157 -  Click on continue button [[ChromeDriver: chrome on WINDOWS (26fa0ca4b0276c88b62fd31fb76288fe)] -> id: button-guest]
2023-05-16 14:05:774 INFO  CheckoutPage :163 - Enter comments Nothing to Say! in to text area [[ChromeDriver: chrome on WINDOWS (26fa0ca4b0276c88b62fd31fb76288fe)] -> xpath: //textarea[@name='comment']]
2023-05-16 14:05:866 INFO  CheckoutPage :169 -  Check the Terms & Conditions check box [[ChromeDriver: chrome on WINDOWS (26fa0ca4b0276c88b62fd31fb76288fe)] -> xpath: //body/div[@id='checkout-checkout']/div[1]/div[1]/div[1]/div[3]/div[2]/div[1]/div[2]/div[1]/input[1]]
2023-05-16 14:05:933 INFO  CheckoutPage :175 - Click on “Continue” button [[ChromeDriver: chrome on WINDOWS (26fa0ca4b0276c88b62fd31fb76288fe)] -> id: button-payment-method]
2023-05-16 14:05:977 INFO  CheckoutPage :179 - Verify the message “Warning: Payment method required!” [[ChromeDriver: chrome on WINDOWS (26fa0ca4b0276c88b62fd31fb76288fe)] -> xpath: //div[@class='alert alert-danger alert-dismissible']]
2023-05-16 14:05:44 INFO  HomePage :129 - Select Login from myAccount drop down list [[[ChromeDriver: chrome on WINDOWS (824635d18e35c05a9dbc1b8c3af37071)] -> xpath: //ul[@class='dropdown-menu dropdown-menu-right']/li], [[ChromeDriver: chrome on WINDOWS (824635d18e35c05a9dbc1b8c3af37071)] -> xpath: //ul[@class='dropdown-menu dropdown-menu-right']/li]]
2023-05-16 14:05:62 INFO  LoginPage :37 - Verify the text “Returning Customer” [[ChromeDriver: chrome on WINDOWS (824635d18e35c05a9dbc1b8c3af37071)] -> xpath: //h2[contains(text(),'Returning Customer')]]
2023-05-16 14:05:485 INFO  HomePage :129 - Select Login from myAccount drop down list [[[ChromeDriver: chrome on WINDOWS (4a70aeff541182fb87b509cfb1a68830)] -> xpath: //ul[@class='dropdown-menu dropdown-menu-right']/li], [[ChromeDriver: chrome on WINDOWS (4a70aeff541182fb87b509cfb1a68830)] -> xpath: //ul[@class='dropdown-menu dropdown-menu-right']/li]]
2023-05-16 14:05:567 INFO  LoginPage :44 - Enter email iampatel@gmail.comto email field [[ChromeDriver: chrome on WINDOWS (4a70aeff541182fb87b509cfb1a68830)] -> id: input-email]
2023-05-16 14:05:623 INFO  LoginPage :50 - Enter password HelloNum1to password field [[ChromeDriver: chrome on WINDOWS (4a70aeff541182fb87b509cfb1a68830)] -> id: input-password]
2023-05-16 14:05:355 INFO  LoginPage :56 - Clicking on Login Button [[ChromeDriver: chrome on WINDOWS (4a70aeff541182fb87b509cfb1a68830)] -> xpath: //input[@value='Login']]
2023-05-16 14:05:371 INFO  LoginPage :61 - Verify text “My Account” [[ChromeDriver: chrome on WINDOWS (4a70aeff541182fb87b509cfb1a68830)] -> xpath: //h2[text()='My Account']]
2023-05-16 14:05:157 INFO  HomePage :129 - Select Logout from myAccount drop down list [[[ChromeDriver: chrome on WINDOWS (4a70aeff541182fb87b509cfb1a68830)] -> xpath: //ul[@class='dropdown-menu dropdown-menu-right']/li], [[ChromeDriver: chrome on WINDOWS (4a70aeff541182fb87b509cfb1a68830)] -> xpath: //ul[@class='dropdown-menu dropdown-menu-right']/li], [[ChromeDriver: chrome on WINDOWS (4a70aeff541182fb87b509cfb1a68830)] -> xpath: //ul[@class='dropdown-menu dropdown-menu-right']/li], [[ChromeDriver: chrome on WINDOWS (4a70aeff541182fb87b509cfb1a68830)] -> xpath: //ul[@class='dropdown-menu dropdown-menu-right']/li], [[ChromeDriver: chrome on WINDOWS (4a70aeff541182fb87b509cfb1a68830)] -> xpath: //ul[@class='dropdown-menu dropdown-menu-right']/li]]
2023-05-16 14:05:180 INFO  LogoutPage :28 - Verify text "Account Logout" [[ChromeDriver: chrome on WINDOWS (4a70aeff541182fb87b509cfb1a68830)] -> xpath: //h1[text()='Account Logout']]
2023-05-16 14:05:594 INFO  LogoutPage :34 - Clicking on Continue Button [[ChromeDriver: chrome on WINDOWS (4a70aeff541182fb87b509cfb1a68830)] -> xpath: //a[contains(text(),'Continue')]]
2023-05-16 14:05:133 INFO  HomePage :129 - Select Register from myAccount drop down list [[[ChromeDriver: chrome on WINDOWS (793e2cf8cf51fdce9b61f7c57d24c4e1)] -> xpath: //ul[@class='dropdown-menu dropdown-menu-right']/li], [[ChromeDriver: chrome on WINDOWS (793e2cf8cf51fdce9b61f7c57d24c4e1)] -> xpath: //ul[@class='dropdown-menu dropdown-menu-right']/li]]
2023-05-16 14:05:151 INFO  RegisterPage :59 - Verify the text “Register Account”. [[ChromeDriver: chrome on WINDOWS (793e2cf8cf51fdce9b61f7c57d24c4e1)] -> xpath: //h1[contains(text(),'Register Account')]]
2023-05-16 14:05:274 INFO  HomePage :129 - Select Register from myAccount drop down list [[[ChromeDriver: chrome on WINDOWS (c0a5dc92b7236d8f7f46c298f21a65aa)] -> xpath: //ul[@class='dropdown-menu dropdown-menu-right']/li], [[ChromeDriver: chrome on WINDOWS (c0a5dc92b7236d8f7f46c298f21a65aa)] -> xpath: //ul[@class='dropdown-menu dropdown-menu-right']/li]]
2023-05-16 14:05:331 INFO  RegisterPage :65 - Enter Firstname Iama to Firstname field [[ChromeDriver: chrome on WINDOWS (c0a5dc92b7236d8f7f46c298f21a65aa)] -> id: input-firstname]
2023-05-16 14:05:379 INFO  RegisterPage :70 - Enter Lastname Patel to Lastname field [[ChromeDriver: chrome on WINDOWS (c0a5dc92b7236d8f7f46c298f21a65aa)] -> id: input-lastname]
2023-05-16 14:05:445 INFO  RegisterPage :75 - Enter email patelsRBG@gmail.com to email field [[ChromeDriver: chrome on WINDOWS (c0a5dc92b7236d8f7f46c298f21a65aa)] -> id: input-email]
2023-05-16 14:05:497 INFO  RegisterPage :80 - Enter Telephone 01234567890 to Telephone field [[ChromeDriver: chrome on WINDOWS (c0a5dc92b7236d8f7f46c298f21a65aa)] -> id: input-telephone]
2023-05-16 14:05:540 INFO  RegisterPage :85 - Enter Password Hellonum1 to Password field [[ChromeDriver: chrome on WINDOWS (c0a5dc92b7236d8f7f46c298f21a65aa)] -> id: input-password]
2023-05-16 14:05:586 INFO  RegisterPage :90 - Enter ConfirmPassword Hellonum1 to ConfirmPassword field [[ChromeDriver: chrome on WINDOWS (c0a5dc92b7236d8f7f46c298f21a65aa)] -> id: input-confirm]
2023-05-16 14:05:608 INFO  RegisterPage :102 - Select Subscribe Yes radio button [[[ChromeDriver: chrome on WINDOWS (c0a5dc92b7236d8f7f46c298f21a65aa)] -> xpath: //fieldset[3]//input], [[ChromeDriver: chrome on WINDOWS (c0a5dc92b7236d8f7f46c298f21a65aa)] -> xpath: //fieldset[3]//input]]
2023-05-16 14:05:644 INFO  RegisterPage :107 - Click on Privacy Policy check box [[ChromeDriver: chrome on WINDOWS (c0a5dc92b7236d8f7f46c298f21a65aa)] -> xpath: //input[@name='agree']]
2023-05-16 14:05:298 INFO  RegisterPage :112 - Clicking on Continue Button [[ChromeDriver: chrome on WINDOWS (c0a5dc92b7236d8f7f46c298f21a65aa)] -> xpath: //input[@type='submit']]
2023-05-16 14:05:312 INFO  RegisterPage :116 - Verify the message “Your Account Has Been Created!” [[ChromeDriver: chrome on WINDOWS (c0a5dc92b7236d8f7f46c298f21a65aa)] -> xpath: //h1[text()='Your Account Has Been Created!']]
2023-05-16 14:05:750 INFO  RegisterPage :122 - Clicking on Continue Button [[ChromeDriver: chrome on WINDOWS (c0a5dc92b7236d8f7f46c298f21a65aa)] -> xpath: //a[text()='Continue']]
2023-05-16 14:05:534 INFO  HomePage :129 - Select Logout from myAccount drop down list [[[ChromeDriver: chrome on WINDOWS (c0a5dc92b7236d8f7f46c298f21a65aa)] -> xpath: //ul[@class='dropdown-menu dropdown-menu-right']/li], [[ChromeDriver: chrome on WINDOWS (c0a5dc92b7236d8f7f46c298f21a65aa)] -> xpath: //ul[@class='dropdown-menu dropdown-menu-right']/li], [[ChromeDriver: chrome on WINDOWS (c0a5dc92b7236d8f7f46c298f21a65aa)] -> xpath: //ul[@class='dropdown-menu dropdown-menu-right']/li], [[ChromeDriver: chrome on WINDOWS (c0a5dc92b7236d8f7f46c298f21a65aa)] -> xpath: //ul[@class='dropdown-menu dropdown-menu-right']/li], [[ChromeDriver: chrome on WINDOWS (c0a5dc92b7236d8f7f46c298f21a65aa)] -> xpath: //ul[@class='dropdown-menu dropdown-menu-right']/li]]
2023-05-16 14:05:550 INFO  LogoutPage :28 - Verify text "Account Logout" [[ChromeDriver: chrome on WINDOWS (c0a5dc92b7236d8f7f46c298f21a65aa)] -> xpath: //h1[text()='Account Logout']]
2023-05-16 14:05:989 INFO  LogoutPage :34 - Clicking on Continue Button [[ChromeDriver: chrome on WINDOWS (c0a5dc92b7236d8f7f46c298f21a65aa)] -> xpath: //a[contains(text(),'Continue')]]
2023-05-16 14:05:430 INFO  HomePage :75 - Mouse hover on “Desktops” Tab and click [[ChromeDriver: chrome on WINDOWS (3907440ea9f3d37213fae6a5ce74027c)] -> link text: Desktops]
2023-05-16 14:05:471 INFO  HomePage :69 - Click Show All Desktops from homepage Top menu  []
2023-05-16 14:05:487 INFO  DesktopPage :40 - Verify the text ‘Desktops’[[ChromeDriver: chrome on WINDOWS (3907440ea9f3d37213fae6a5ce74027c)] -> xpath: //h2[contains(text(),'Desktops')]]
2023-05-16 14:05:470 INFO  HomePage :81 - Mouse hover on “Laptops & Notebooks” Tab and click [[ChromeDriver: chrome on WINDOWS (f0987c08d21c7da72f6a49b591214a8e)] -> link text: Laptops & Notebooks]
2023-05-16 14:05:507 INFO  HomePage :69 - Click Show All Laptops & Notebooks from homepage Top menu  []
2023-05-16 14:05:539 INFO  LaptopAndNotebookPage :40 - Verify the text ‘Laptops & Notebooks’ [[ChromeDriver: chrome on WINDOWS (f0987c08d21c7da72f6a49b591214a8e)] -> xpath: //h2[contains(text(),'Laptops & Notebooks')]]
2023-05-16 14:05:374 INFO  HomePage :87 -  Mouse hover on “Components” Tab and click [[ChromeDriver: chrome on WINDOWS (07ca8e42f8d00f31413f43dbd0c585ea)] -> link text: Components]
2023-05-16 14:05:393 INFO  HomePage :69 - Click Show All Components from homepage Top menu  []
2023-05-16 14:05:425 INFO  ComponentsPage :22 - Verify the text ‘Components’ [[ChromeDriver: chrome on WINDOWS (07ca8e42f8d00f31413f43dbd0c585ea)] -> xpath: //h2[contains(text(),'Components')]]
